SF:lib/engine/ecs/caste.dart
DA:28,1
DA:29,2
DA:30,1
DA:31,3
DA:32,3
DA:37,2
DA:42,1
DA:43,3
DA:44,2
DA:46,2
DA:50,1
DA:51,2
DA:56,2
DA:57,5
DA:64,1
DA:65,2
DA:66,1
DA:69,1
DA:73,4
DA:74,4
DA:77,3
DA:78,3
DA:79,2
DA:85,1
DA:86,1
DA:91,2
DA:92,4
DA:95,2
DA:96,2
DA:98,2
DA:103,1
DA:104,1
LF:32
LH:32
end_of_record
SF:lib/engine/ecs/swarm.dart
DA:26,0
DA:29,0
DA:30,0
DA:31,0
DA:33,0
DA:34,0
DA:36,0
DA:37,0
DA:41,0
DA:42,0
DA:43,0
DA:52,0
DA:53,0
DA:57,0
DA:58,0
DA:61,0
DA:66,0
DA:69,0
DA:70,0
LF:19
LH:0
end_of_record
